Using pre-set license
Built from '2020.3/staging' branch; Version is '2020.3.13f1 (71691879b7f5) revision 7432472'; Using compiler version '192528614'; Build Type 'Release'
OS: 'Windows 10 Pro; OS build 19043.1348; Version 2009; 64bit' Language: 'ru' Physical Memory: 8066 MB
BatchMode: 1, IsHumanControllingUs: 0, StartBugReporterOnCrash: 0, Is64bit: 1, IsPro: 0

 COMMAND LINE ARGUMENTS:
C:\Program Files\Unity\Hub\Editor\2020.3.13f1\Editor\Unity.exe
-adb2
-batchMode
-noUpm
-name
AssetImportWorker0
-projectPath
C:/Users/kazan/unit/SwampAttack
-logFile
Logs/AssetImportWorker0.log
-srvPort
53412
Successfully changed project path to: C:/Users/kazan/unit/SwampAttack
C:/Users/kazan/unit/SwampAttack
Using Asset Import Pipeline V2.
Refreshing native plugins compatible for Editor in 51.82 ms, found 3 plugins.
Preloading 0 native plugins for Editor in 0.00 ms.
Initialize engine version: 2020.3.13f1 (71691879b7f5)
[Subsystems] Discovering subsystems at path C:/Program Files/Unity/Hub/Editor/2020.3.13f1/Editor/Data/Resources/UnitySubsystems
[Subsystems] Discovering subsystems at path C:/Users/kazan/unit/SwampAttack/Assets
GfxDevice: creating device client; threaded=0
Direct3D:
    Version:  Direct3D 11.0 [level 11.0]
    Renderer: NVIDIA GeForce MX130 (ID=0x174d)
    Vendor:   
    VRAM:     2010 MB
    Driver:   30.0.14.9649
Initialize mono
Mono path[0] = 'C:/Program Files/Unity/Hub/Editor/2020.3.13f1/Editor/Data/Managed'
Mono path[1] = 'C:/Program Files/Unity/Hub/Editor/2020.3.13f1/Editor/Data/MonoBleedingEdge/lib/mono/unityjit'
Mono config path = 'C:/Program Files/Unity/Hub/Editor/2020.3.13f1/Editor/Data/MonoBleedingEdge/etc'
Using monoOptions --debugger-agent=transport=dt_socket,embedding=1,server=y,suspend=n,address=127.0.0.1:56880
Begin MonoManager ReloadAssembly
Registering precompiled unity dll's ...
Register platform support module: C:/Program Files/Unity/Hub/Editor/2020.3.13f1/Editor/Data/PlaybackEngines/WindowsStandaloneSupport/UnityEditor.WindowsStandalone.Extensions.dll
Registered in 0.002777 seconds.
Native extension for WindowsStandalone target not found
Refreshing native plugins compatible for Editor in 55.56 ms, found 3 plugins.
Preloading 0 native plugins for Editor in 0.00 ms.
Mono: successfully reloaded assembly
- Completed reload, in  2.366 seconds
Platform modules already initialized, skipping
Registering precompiled user dll's ...
Registered in 0.005122 seconds.
Begin MonoManager ReloadAssembly
Native extension for WindowsStandalone target not found
Refreshing native plugins compatible for Editor in 89.51 ms, found 3 plugins.
Preloading 0 native plugins for Editor in 0.00 ms.
Mono: successfully reloaded assembly
- Completed reload, in  1.475 seconds
Platform modules already initialized, skipping
========================================================================
Worker process is ready to serve import requests
Launched and connected shader compiler UnityShaderCompiler.exe after 0.05 seconds
Refreshing native plugins compatible for Editor in 0.94 ms, found 3 plugins.
Preloading 0 native plugins for Editor in 0.00 ms.
Unloading 2121 Unused Serialized files (Serialized files now loaded: 0)
System memory in use before: 95.7 MB.
System memory in use after: 95.7 MB.

Unloading 33 unused Assets to reduce memory usage. Loaded Objects now: 2555.
Total: 3.010300 ms (FindLiveObjects: 0.272100 ms CreateObjectMapping: 0.122800 ms MarkObjects: 2.411900 ms  DeleteObjects: 0.201300 ms)

AssetImportParameters requested are different than current active one (requested -> active):
  custom:framework-win-MediaFoundation: 216162199b28c13a410421893ffa2e32 -> 
  custom:video-decoder-ogg-theora: a1e56fd34408186e4bbccfd4996cb3dc -> 
  custom:container-muxer-webm: aa71ff27fc2769a1b78a27578f13a17b -> 
  custom:container-demuxer-webm: 4f35f7cbe854078d1ac9338744f61a02 -> 
  custom:container-demuxer-ogg: 62fdf1f143b41e24485cea50d1cbac27 -> 
  custom:video-encoder-webm-vp8: eb34c28f22e8b96e1ab97ce403110664 -> 
  custom:video-decoder-webm-vp8: 9c59270c3fd7afecdb556c50c9e8de78 -> 
  custom:audio-decoder-ogg-vorbis: bf7c407c2cedff20999df2af8eb42d56 -> 
  custom:audio-encoder-webm-vorbis: bf7c407c2cedff20999df2af8eb42d56 -> 
========================================================================
Received Import Request.
  path: Assets/Scripts/Player.cs
  artifactKey: Guid(5ab58e0cac7fe8443b2b3d31acc0463c) Importer(815301076,1909f56bfc062723c751e8b465ee728b)
Start importing Assets/Scripts/Player.cs using Guid(5ab58e0cac7fe8443b2b3d31acc0463c) Importer(815301076,1909f56bfc062723c751e8b465ee728b)  -> (artifact id: '97529db5fded77884646ec7886a4c7cc') in 0.044281 seconds 
  Import took 0.050280 seconds .

========================================================================
Received Import Request.
  Time since last request: 24.250025 seconds.
  path: Assets/Scripts/Player.cs
  artifactKey: Guid(5ab58e0cac7fe8443b2b3d31acc0463c) Importer(815301076,1909f56bfc062723c751e8b465ee728b)
Start importing Assets/Scripts/Player.cs using Guid(5ab58e0cac7fe8443b2b3d31acc0463c) Importer(815301076,1909f56bfc062723c751e8b465ee728b)  -> (artifact id: '9c91d5b3e2df043276a7d505ddf37918') in 0.004221 seconds 
  Import took 0.010711 seconds .

========================================================================
Received Import Request.
  Time since last request: 221.748919 seconds.
  path: Assets/Scripts/Player.cs
  artifactKey: Guid(5ab58e0cac7fe8443b2b3d31acc0463c) Importer(815301076,1909f56bfc062723c751e8b465ee728b)
Start importing Assets/Scripts/Player.cs using Guid(5ab58e0cac7fe8443b2b3d31acc0463c) Importer(815301076,1909f56bfc062723c751e8b465ee728b)  -> (artifact id: '65945ddc6bd754ce0726fe1de1fa1a8d') in 0.006690 seconds 
  Import took 0.016613 seconds .

========================================================================
Received Import Request.
  Time since last request: 28.970372 seconds.
  path: Assets/Scripts/Player.cs
  artifactKey: Guid(5ab58e0cac7fe8443b2b3d31acc0463c) Importer(815301076,1909f56bfc062723c751e8b465ee728b)
Start importing Assets/Scripts/Player.cs using Guid(5ab58e0cac7fe8443b2b3d31acc0463c) Importer(815301076,1909f56bfc062723c751e8b465ee728b)  -> (artifact id: '17f72d54c99fcd43336eeddf0cbb78dc') in 0.006153 seconds 
  Import took 0.012335 seconds .

========================================================================
Received Prepare
Registering precompiled user dll's ...
Registered in 0.010012 seconds.
Begin MonoManager ReloadAssembly
Native extension for WindowsStandalone target not found
Refreshing native plugins compatible for Editor in 0.73 ms, found 3 plugins.
Preloading 0 native plugins for Editor in 0.00 ms.
Mono: successfully reloaded assembly
- Completed reload, in  1.619 seconds
Platform modules already initialized, skipping
Switching build target platform(19) subTarget(0) extendedPlatform(0) -> platform(13) subTarget(537395200) extendedPlatform(0)
Refreshing native plugins compatible for Editor in 0.53 ms, found 3 plugins.
Preloading 0 native plugins for Editor in 0.00 ms.
Unloading 2106 Unused Serialized files (Serialized files now loaded: 0)
System memory in use before: 94.3 MB.
System memory in use after: 94.3 MB.

Unloading 21 unused Assets to reduce memory usage. Loaded Objects now: 2559.
Total: 2.963200 ms (FindLiveObjects: 0.251000 ms CreateObjectMapping: 0.112500 ms MarkObjects: 2.467800 ms  DeleteObjects: 0.128900 ms)

AssetImportParameters requested are different than current active one (requested -> active):
  custom:framework-win-MediaFoundation: 216162199b28c13a410421893ffa2e32 -> 
  custom:video-decoder-ogg-theora: a1e56fd34408186e4bbccfd4996cb3dc -> 
  custom:container-muxer-webm: aa71ff27fc2769a1b78a27578f13a17b -> 
  custom:container-demuxer-webm: 4f35f7cbe854078d1ac9338744f61a02 -> 
  custom:container-demuxer-ogg: 62fdf1f143b41e24485cea50d1cbac27 -> 
  custom:video-encoder-webm-vp8: eb34c28f22e8b96e1ab97ce403110664 -> 
  custom:video-decoder-webm-vp8: 9c59270c3fd7afecdb556c50c9e8de78 -> 
  custom:graphics/normal-map-encoding: 01000000000000000000000000000000 -> 02000000000000000000000000000000
  custom:audio-decoder-ogg-vorbis: bf7c407c2cedff20999df2af8eb42d56 -> 
  custom:audio-encoder-webm-vorbis: bf7c407c2cedff20999df2af8eb42d56 -> 
========================================================================
Received Import Request.
  Time since last request: 48.029055 seconds.
  path: Assets/Prefabs/Weapon/Shotgun.prefab
  artifactKey: Guid(3ee4341f7ba287d4884e80be6a9b6aa8) Importer(815301076,1909f56bfc062723c751e8b465ee728b)
Start importing Assets/Prefabs/Weapon/Shotgun.prefab using Guid(3ee4341f7ba287d4884e80be6a9b6aa8) Importer(815301076,1909f56bfc062723c751e8b465ee728b)  -> (artifact id: 'a4ec60f36d19a4f9364d9a21a6551e0a') in 0.055716 seconds 
  Import took 0.063731 seconds .

========================================================================
Received Prepare
Registering precompiled user dll's ...
Registered in 0.004417 seconds.
Begin MonoManager ReloadAssembly
Native extension for WindowsStandalone target not found
Refreshing native plugins compatible for Editor in 0.75 ms, found 3 plugins.
Preloading 0 native plugins for Editor in 0.00 ms.
Mono: successfully reloaded assembly
- Completed reload, in  1.369 seconds
Platform modules already initialized, skipping
Switching build target platform(19) subTarget(0) extendedPlatform(0) -> platform(13) subTarget(537395200) extendedPlatform(0)
Refreshing native plugins compatible for Editor in 0.58 ms, found 3 plugins.
Preloading 0 native plugins for Editor in 0.00 ms.
Unloading 2106 Unused Serialized files (Serialized files now loaded: 0)
System memory in use before: 94.3 MB.
System memory in use after: 94.3 MB.

Unloading 21 unused Assets to reduce memory usage. Loaded Objects now: 2563.
Total: 3.121400 ms (FindLiveObjects: 0.233500 ms CreateObjectMapping: 0.112200 ms MarkObjects: 2.646300 ms  DeleteObjects: 0.128100 ms)

AssetImportParameters requested are different than current active one (requested -> active):
  custom:framework-win-MediaFoundation: 216162199b28c13a410421893ffa2e32 -> 
  custom:video-decoder-ogg-theora: a1e56fd34408186e4bbccfd4996cb3dc -> 
  custom:container-muxer-webm: aa71ff27fc2769a1b78a27578f13a17b -> 
  custom:container-demuxer-webm: 4f35f7cbe854078d1ac9338744f61a02 -> 
  custom:container-demuxer-ogg: 62fdf1f143b41e24485cea50d1cbac27 -> 
  custom:video-encoder-webm-vp8: eb34c28f22e8b96e1ab97ce403110664 -> 
  custom:video-decoder-webm-vp8: 9c59270c3fd7afecdb556c50c9e8de78 -> 
  custom:graphics/normal-map-encoding: 01000000000000000000000000000000 -> 02000000000000000000000000000000
  custom:audio-decoder-ogg-vorbis: bf7c407c2cedff20999df2af8eb42d56 -> 
  custom:audio-encoder-webm-vorbis: bf7c407c2cedff20999df2af8eb42d56 -> 
========================================================================
Received Import Request.
  Time since last request: 120.308874 seconds.
  path: Assets/Prefabs/Bullets/Shotgun Bullet.prefab
  artifactKey: Guid(793256ae62c52564f8e551d8f6d84c3e) Importer(815301076,1909f56bfc062723c751e8b465ee728b)
Start importing Assets/Prefabs/Bullets/Shotgun Bullet.prefab using Guid(793256ae62c52564f8e551d8f6d84c3e) Importer(815301076,1909f56bfc062723c751e8b465ee728b)  -> (artifact id: 'f1b4bf39b3521970bbaa8df043692aef') in 0.113397 seconds 
  Import took 0.120240 seconds .

========================================================================
Received Import Request.
  Time since last request: 3.666348 seconds.
  path: Assets/Prefabs/Bullets/Shotgun Bullet.prefab
  artifactKey: Guid(793256ae62c52564f8e551d8f6d84c3e) Importer(815301076,1909f56bfc062723c751e8b465ee728b)
Start importing Assets/Prefabs/Bullets/Shotgun Bullet.prefab using Guid(793256ae62c52564f8e551d8f6d84c3e) Importer(815301076,1909f56bfc062723c751e8b465ee728b)  -> (artifact id: 'b84e2666a3cd1d2da585934cbf881920') in 0.014318 seconds 
  Import took 0.020114 seconds .

========================================================================
Received Import Request.
  Time since last request: 0.016550 seconds.
  path: Assets/Prefabs/Bullets/Shotgun Bullet.prefab
  artifactKey: Guid(793256ae62c52564f8e551d8f6d84c3e) Importer(815301076,1909f56bfc062723c751e8b465ee728b)
Start importing Assets/Prefabs/Bullets/Shotgun Bullet.prefab using Guid(793256ae62c52564f8e551d8f6d84c3e) Importer(815301076,1909f56bfc062723c751e8b465ee728b)  -> (artifact id: 'b84e2666a3cd1d2da585934cbf881920') in 0.018367 seconds 
  Import took 0.024180 seconds .

========================================================================
Received Import Request.
  Time since last request: 7.441581 seconds.
  path: Assets/Prefabs/Bullets/Shotgun Bullet.prefab
  artifactKey: Guid(793256ae62c52564f8e551d8f6d84c3e) Importer(815301076,1909f56bfc062723c751e8b465ee728b)
Start importing Assets/Prefabs/Bullets/Shotgun Bullet.prefab using Guid(793256ae62c52564f8e551d8f6d84c3e) Importer(815301076,1909f56bfc062723c751e8b465ee728b)  -> (artifact id: '72ac0829bd5f25a8f0900fafd29595d4') in 0.013020 seconds 
  Import took 0.019313 seconds .

========================================================================
Received Import Request.
  Time since last request: 0.013124 seconds.
  path: Assets/Prefabs/Bullets/Shotgun Bullet.prefab
  artifactKey: Guid(793256ae62c52564f8e551d8f6d84c3e) Importer(815301076,1909f56bfc062723c751e8b465ee728b)
Start importing Assets/Prefabs/Bullets/Shotgun Bullet.prefab using Guid(793256ae62c52564f8e551d8f6d84c3e) Importer(815301076,1909f56bfc062723c751e8b465ee728b)  -> (artifact id: '72ac0829bd5f25a8f0900fafd29595d4') in 0.012337 seconds 
  Import took 0.017043 seconds .

========================================================================
Received Prepare
Registering precompiled user dll's ...
Registered in 0.005311 seconds.
Begin MonoManager ReloadAssembly
Native extension for WindowsStandalone target not found
Refreshing native plugins compatible for Editor in 0.54 ms, found 3 plugins.
Preloading 0 native plugins for Editor in 0.00 ms.
Mono: successfully reloaded assembly
- Completed reload, in  1.146 seconds
Platform modules already initialized, skipping
Switching build target platform(19) subTarget(0) extendedPlatform(0) -> platform(13) subTarget(537395200) extendedPlatform(0)
Refreshing native plugins compatible for Editor in 0.48 ms, found 3 plugins.
Preloading 0 native plugins for Editor in 0.00 ms.
Unloading 2106 Unused Serialized files (Serialized files now loaded: 0)
System memory in use before: 97.3 MB.
System memory in use after: 97.3 MB.

Unloading 21 unused Assets to reduce memory usage. Loaded Objects now: 2574.
Total: 2.775600 ms (FindLiveObjects: 0.190200 ms CreateObjectMapping: 0.075700 ms MarkObjects: 2.385800 ms  DeleteObjects: 0.122600 ms)

AssetImportParameters requested are different than current active one (requested -> active):
  custom:framework-win-MediaFoundation: 216162199b28c13a410421893ffa2e32 -> 
  custom:video-decoder-ogg-theora: a1e56fd34408186e4bbccfd4996cb3dc -> 
  custom:container-muxer-webm: aa71ff27fc2769a1b78a27578f13a17b -> 
  custom:container-demuxer-webm: 4f35f7cbe854078d1ac9338744f61a02 -> 
  custom:container-demuxer-ogg: 62fdf1f143b41e24485cea50d1cbac27 -> 
  custom:video-encoder-webm-vp8: eb34c28f22e8b96e1ab97ce403110664 -> 
  custom:video-decoder-webm-vp8: 9c59270c3fd7afecdb556c50c9e8de78 -> 
  custom:graphics/normal-map-encoding: 01000000000000000000000000000000 -> 02000000000000000000000000000000
  custom:audio-decoder-ogg-vorbis: bf7c407c2cedff20999df2af8eb42d56 -> 
  custom:audio-encoder-webm-vorbis: bf7c407c2cedff20999df2af8eb42d56 -> 
========================================================================
Received Import Request.
  Time since last request: 583.387988 seconds.
  path: Assets/Sprites/CartoonViking/CartoonViking/HitGun01
  artifactKey: Guid(482ddbc8c29dc564a95f1a32aad3e05c) Importer(815301076,1909f56bfc062723c751e8b465ee728b)
Start importing Assets/Sprites/CartoonViking/CartoonViking/HitGun01 using Guid(482ddbc8c29dc564a95f1a32aad3e05c) Importer(815301076,1909f56bfc062723c751e8b465ee728b)  -> (artifact id: 'fc85d9ef4c645a68131f14ae4e12a5bd') in 0.012761 seconds 
  Import took 0.018537 seconds .

========================================================================
Received Import Request.
  Time since last request: 1.873480 seconds.
  path: Assets/Sprites/CartoonViking/CartoonViking/DeathPose02
  artifactKey: Guid(7ce8fe418098e1a488c348ae33e50dba) Importer(815301076,1909f56bfc062723c751e8b465ee728b)
Start importing Assets/Sprites/CartoonViking/CartoonViking/DeathPose02 using Guid(7ce8fe418098e1a488c348ae33e50dba) Importer(815301076,1909f56bfc062723c751e8b465ee728b)  -> (artifact id: '93a55602af704f9957b4e57f6304335e') in 0.015184 seconds 
  Import took 0.020176 seconds .

========================================================================
Received Import Request.
  Time since last request: 11.165551 seconds.
  path: Assets/Sprites/CartoonViking/CartoonViking/Render
  artifactKey: Guid(773ad9d7c75c7964095967634aca1693) Importer(815301076,1909f56bfc062723c751e8b465ee728b)
Start importing Assets/Sprites/CartoonViking/CartoonViking/Render using Guid(773ad9d7c75c7964095967634aca1693) Importer(815301076,1909f56bfc062723c751e8b465ee728b)  -> (artifact id: '10c9fb76dc599ecd6c1e0c0367abee36') in 0.053395 seconds 
  Import took 0.058012 seconds .

========================================================================
Received Prepare
Refreshing native plugins compatible for Editor in 4.17 ms, found 3 plugins.
Preloading 0 native plugins for Editor in 0.00 ms.
Unloading 19 Unused Serialized files (Serialized files now loaded: 0)
System memory in use before: 56.3 MB.
System memory in use after: 56.3 MB.

Unloading 19 unused Assets to reduce memory usage. Loaded Objects now: 2574.
Total: 3.102800 ms (FindLiveObjects: 0.223500 ms CreateObjectMapping: 0.079700 ms MarkObjects: 2.681400 ms  DeleteObjects: 0.117500 ms)

AssetImportParameters requested are different than current active one (requested -> active):
  custom:framework-win-MediaFoundation: 216162199b28c13a410421893ffa2e32 -> 
  custom:video-decoder-ogg-theora: a1e56fd34408186e4bbccfd4996cb3dc -> 
  custom:container-muxer-webm: aa71ff27fc2769a1b78a27578f13a17b -> 
  custom:container-demuxer-webm: 4f35f7cbe854078d1ac9338744f61a02 -> 
  custom:container-demuxer-ogg: 62fdf1f143b41e24485cea50d1cbac27 -> 
  custom:video-encoder-webm-vp8: eb34c28f22e8b96e1ab97ce403110664 -> 
  custom:video-decoder-webm-vp8: 9c59270c3fd7afecdb556c50c9e8de78 -> 
  custom:audio-decoder-ogg-vorbis: bf7c407c2cedff20999df2af8eb42d56 -> 
  custom:audio-encoder-webm-vorbis: bf7c407c2cedff20999df2af8eb42d56 -> 
AssetImportWorkerClient::OnTransportError - code=2 error=End of file
